<?xml version="1.0" encoding="UTF-8"?>
<!-- Generated by org.testng.reporters.JUnitXMLReporter -->
<testsuite hostname="LAPTOP-79LI2G12" ignored="0" name="Sprint1" tests="3" failures="1" timestamp="31 Dec 2018 07:45:11 GMT" time="0.155" errors="0">
  <testcase name="test" time="0.019" classname="testNGClasses.TestCase3"/>
  <testcase name="test" time="0.005" classname="testNGClasses.TestCase2"/>
  <testcase name="test" time="0.01" classname="testNGClasses.TestCase1">
    <failure type="java.lang.AssertionError" message="expected [true] but found [false]">
      <![CDATA[java.lang.AssertionError: expected [true] but found [false]at testNGClasses.TestCase1.test(TestCase1.java:10)... Removed 29 stack frames]]>
    </failure>
  </testcase> <!-- test -->
</testsuite> <!-- Sprint1 -->
