<?xml version="1.0" encoding="UTF-8"?>
<!-- Generated by org.testng.reporters.JUnitXMLReporter -->
<testsuite hostname="LAPTOP-79LI2G12" ignored="1" name="Groouping in TestNG" tests="2" failures="0" timestamp="25 Dec 2018 07:40:15 GMT" time="0.09" errors="0">
  <testcase name="test" time="0.015" classname="testNG.GroupingInTestNG"/>
  <testcase name="test1" time="0.0" classname="testNG.GroupingInTestNG"/>
  <testcase name="test2" time="0.0" classname="testNG.GroupingInTestNG">
    <ignored/>
  </testcase> <!-- test2 -->
</testsuite> <!-- Groouping in TestNG -->
