<?xml version="1.0" encoding="UTF-8"?>
<!-- Generated by org.testng.reporters.JUnitXMLReporter -->
<testsuite hostname="LAPTOP-79LI2G12" ignored="0" name="Grouping in TestNG" tests="3" failures="0" timestamp="26 Dec 2018 13:15:10 GMT" time="0.078" errors="0">
  <testcase name="test" time="0.025" classname="testNG.GroupingInTestNG"/>
  <testcase name="test1" time="0.005" classname="testNG.GroupingInTestNG"/>
  <testcase name="test2" time="0.0" classname="testNG.GroupingInTestNG"/>
</testsuite> <!-- Grouping in TestNG -->
