<?xml version="1.0" encoding="UTF-8"?>
<testng-results skipped="0" failed="0" ignored="0" total="1" passed="1">
  <reporter-output>
  </reporter-output>
  <suite name="Default suite" duration-ms="211838" started-at="2019-01-02T13:49:35Z" finished-at="2019-01-02T13:53:07Z">
    <groups>
    </groups>
    <test name="Default test" duration-ms="211838" started-at="2019-01-02T13:49:35Z" finished-at="2019-01-02T13:53:07Z">
      <class name="seleniumGrid.TesFFGrid">
        <test-method status="PASS" signature="test()[pri:0, instance:seleniumGrid.TesFFGrid@3e6fa38a]" name="test" duration-ms="211762" started-at="2019-01-02T19:19:36Z" finished-at="2019-01-02T19:23:07Z">
          <reporter-output>
          </reporter-output>
        </test-method> <!-- test -->
      </class> <!-- seleniumGrid.TesFFGrid -->
    </test> <!-- Default test -->
  </suite> <!-- Default suite -->
</testng-results>
