<?xml version="1.0" encoding="UTF-8"?>
<!-- Generated by org.testng.reporters.JUnitXMLReporter -->
<testsuite hostname="LAPTOP-79LI2G12" ignored="0" name="Sprint1(failed)" tests="1" failures="1" timestamp="31 Dec 2018 08:21:57 GMT" time="0.007" errors="0">
  <testcase name="test" time="0.004" classname="testNGClasses.TestCase1">
    <failure type="java.lang.AssertionError" message="expected [true] but found [false]">
      <![CDATA[java.lang.AssertionError: expected [true] but found [false]at testNGClasses.TestCase1.test(TestCase1.java:10)at runner.TestRunner.test(TestRunner.java:19)... Removed 51 stack frames]]>
    </failure>
  </testcase> <!-- test -->
</testsuite> <!-- Sprint1(failed) -->
