<?xml version="1.0" encoding="UTF-8"?>
<!-- Generated by org.testng.reporters.JUnitXMLReporter -->
<testsuite hostname="LAPTOP-79LI2G12" ignored="0" name="MyFirstTestCase" tests="8" failures="1" timestamp="31 Dec 2018 09:13:20 GMT" time="0.214" errors="0">
  <testcase name="test1" time="0.021" classname="testNG.ListnerTestClass"/>
  <testcase name="test2" time="0.011" classname="testNG.ListnerTestClass">
    <skipped/>
  </testcase> <!-- test2 -->
  <testcase name="test3" time="0.012" classname="testNG.ListnerTestClass"/>
  <testcase name="test3" time="0.002" classname="testNG.ListnerTestClass"/>
  <testcase name="test3" time="0.003" classname="testNG.ListnerTestClass"/>
  <testcase name="test3" time="0.002" classname="testNG.ListnerTestClass"/>
  <testcase name="test3" time="0.002" classname="testNG.ListnerTestClass"/>
  <testcase name="test4" time="0.007" classname="testNG.ListnerTestClass">
    <failure type="java.lang.AssertionError" message="expected [true] but found [false]">
      <![CDATA[java.lang.AssertionError: expected [true] but found [false]at testNG.ListnerTestClass.test4(ListnerTestClass.java:41)... Removed 29 stack frames]]>
    </failure>
  </testcase> <!-- test4 -->
</testsuite> <!-- MyFirstTestCase -->
